action: GLOB, msg: packaging
cwd: C:\Users\JCoop\Documents\GitHub\nflfastPy
cmd: 'c:\users\jcoop\anaconda3\python.exe' setup.py sdist --formats=zip --dist-dir '.tox\dist'
running sdist
running egg_info
writing nfl_data_py.egg-info\PKG-INFO
writing dependency_links to nfl_data_py.egg-info\dependency_links.txt
writing requirements to nfl_data_py.egg-info\requires.txt
writing top-level names to nfl_data_py.egg-info\top_level.txt
reading manifest file 'nfl_data_py.egg-info\SOURCES.txt'
writing manifest file 'nfl_data_py.egg-info\SOURCES.txt'
running check
creating nfl_data_py-0.3.0
creating nfl_data_py-0.3.0\data
creating nfl_data_py-0.3.0\data\schedules
creating nfl_data_py-0.3.0\nfl_data_py
creating nfl_data_py-0.3.0\nfl_data_py.egg-info
creating nfl_data_py-0.3.0\nfl_data_py\tests
creating nfl_data_py-0.3.0\nfl_data_py\tests\__pycache__
copying files to nfl_data_py-0.3.0...
copying CHANGELOG.md -> nfl_data_py-0.3.0
copying CONTRIBUTING.md -> nfl_data_py-0.3.0
copying LICENSE -> nfl_data_py-0.3.0
copying README.md -> nfl_data_py-0.3.0
copying code_of_conduct.md -> nfl_data_py-0.3.0
copying setup.py -> nfl_data_py-0.3.0
copying tox.ini -> nfl_data_py-0.3.0
copying data\coaching_history.csv -> nfl_data_py-0.3.0\data
copying data\combine.csv -> nfl_data_py-0.3.0\data
copying data\drafts.csv -> nfl_data_py-0.3.0\data
copying data\qbr.csv -> nfl_data_py-0.3.0\data
copying data\schedules\1999.csv -> nfl_data_py-0.3.0\data\schedules
copying data\schedules\2000.csv -> nfl_data_py-0.3.0\data\schedules
copying data\schedules\2001.csv -> nfl_data_py-0.3.0\data\schedules
copying data\schedules\2002.csv -> nfl_data_py-0.3.0\data\schedules
copying data\schedules\2003.csv -> nfl_data_py-0.3.0\data\schedules
copying data\schedules\2004.csv -> nfl_data_py-0.3.0\data\schedules
copying data\schedules\2005.csv -> nfl_data_py-0.3.0\data\schedules
copying data\schedules\2006.csv -> nfl_data_py-0.3.0\data\schedules
copying data\schedules\2007.csv -> nfl_data_py-0.3.0\data\schedules
copying data\schedules\2008.csv -> nfl_data_py-0.3.0\data\schedules
copying data\schedules\2009.csv -> nfl_data_py-0.3.0\data\schedules
copying data\schedules\2010.csv -> nfl_data_py-0.3.0\data\schedules
copying data\schedules\2011.csv -> nfl_data_py-0.3.0\data\schedules
copying data\schedules\2012.csv -> nfl_data_py-0.3.0\data\schedules
copying data\schedules\2013.csv -> nfl_data_py-0.3.0\data\schedules
copying data\schedules\2014.csv -> nfl_data_py-0.3.0\data\schedules
copying data\schedules\2015.csv -> nfl_data_py-0.3.0\data\schedules
copying data\schedules\2016.csv -> nfl_data_py-0.3.0\data\schedules
copying data\schedules\2017.csv -> nfl_data_py-0.3.0\data\schedules
copying data\schedules\2018.csv -> nfl_data_py-0.3.0\data\schedules
copying data\schedules\2019.csv -> nfl_data_py-0.3.0\data\schedules
copying data\schedules\2020.csv -> nfl_data_py-0.3.0\data\schedules
copying data\schedules\2021.csv -> nfl_data_py-0.3.0\data\schedules
copying nfl_data_py\__init__.py -> nfl_data_py-0.3.0\nfl_data_py
copying nfl_data_py.egg-info\PKG-INFO -> nfl_data_py-0.3.0\nfl_data_py.egg-info
copying nfl_data_py.egg-info\SOURCES.txt -> nfl_data_py-0.3.0\nfl_data_py.egg-info
copying nfl_data_py.egg-info\dependency_links.txt -> nfl_data_py-0.3.0\nfl_data_py.egg-info
copying nfl_data_py.egg-info\requires.txt -> nfl_data_py-0.3.0\nfl_data_py.egg-info
copying nfl_data_py.egg-info\top_level.txt -> nfl_data_py-0.3.0\nfl_data_py.egg-info
copying nfl_data_py\tests\nfl_test.py -> nfl_data_py-0.3.0\nfl_data_py\tests
copying nfl_data_py\tests\__pycache__\nfl_test.cpython-35-pytest-6.1.2.pyc -> nfl_data_py-0.3.0\nfl_data_py\tests\__pycache__
copying nfl_data_py\tests\__pycache__\nfl_test.cpython-37-pytest-6.2.4.pyc -> nfl_data_py-0.3.0\nfl_data_py\tests\__pycache__
copying nfl_data_py\tests\__pycache__\nfl_test.cpython-37-pytest-7.1.0.pyc -> nfl_data_py-0.3.0\nfl_data_py\tests\__pycache__
copying nfl_data_py\tests\__pycache__\nfl_test.cpython-37-pytest-7.1.2.pyc -> nfl_data_py-0.3.0\nfl_data_py\tests\__pycache__
copying nfl_data_py\tests\__pycache__\nfl_test.cpython-39-pytest-6.2.4.pyc -> nfl_data_py-0.3.0\nfl_data_py\tests\__pycache__
copying nfl_data_py\tests\__pycache__\nfl_test.cpython-39-pytest-6.2.5.pyc -> nfl_data_py-0.3.0\nfl_data_py\tests\__pycache__
copying nfl_data_py\tests\__pycache__\nfl_test.cpython-39-pytest-7.1.2.pyc -> nfl_data_py-0.3.0\nfl_data_py\tests\__pycache__
Writing nfl_data_py-0.3.0\setup.cfg
creating '.tox\dist\nfl_data_py-0.3.0.zip' and adding 'nfl_data_py-0.3.0' to it
adding 'nfl_data_py-0.3.0'
adding 'nfl_data_py-0.3.0\data'
adding 'nfl_data_py-0.3.0\nfl_data_py'
adding 'nfl_data_py-0.3.0\nfl_data_py.egg-info'
adding 'nfl_data_py-0.3.0\CHANGELOG.md'
adding 'nfl_data_py-0.3.0\code_of_conduct.md'
adding 'nfl_data_py-0.3.0\CONTRIBUTING.md'
adding 'nfl_data_py-0.3.0\LICENSE'
adding 'nfl_data_py-0.3.0\PKG-INFO'
adding 'nfl_data_py-0.3.0\README.md'
adding 'nfl_data_py-0.3.0\setup.cfg'
adding 'nfl_data_py-0.3.0\setup.py'
adding 'nfl_data_py-0.3.0\tox.ini'
adding 'nfl_data_py-0.3.0\data\schedules'
adding 'nfl_data_py-0.3.0\data\coaching_history.csv'
adding 'nfl_data_py-0.3.0\data\combine.csv'
adding 'nfl_data_py-0.3.0\data\drafts.csv'
adding 'nfl_data_py-0.3.0\data\qbr.csv'
adding 'nfl_data_py-0.3.0\data\schedules\1999.csv'
adding 'nfl_data_py-0.3.0\data\schedules\2000.csv'
adding 'nfl_data_py-0.3.0\data\schedules\2001.csv'
adding 'nfl_data_py-0.3.0\data\schedules\2002.csv'
adding 'nfl_data_py-0.3.0\data\schedules\2003.csv'
adding 'nfl_data_py-0.3.0\data\schedules\2004.csv'
adding 'nfl_data_py-0.3.0\data\schedules\2005.csv'
adding 'nfl_data_py-0.3.0\data\schedules\2006.csv'
adding 'nfl_data_py-0.3.0\data\schedules\2007.csv'
adding 'nfl_data_py-0.3.0\data\schedules\2008.csv'
adding 'nfl_data_py-0.3.0\data\schedules\2009.csv'
adding 'nfl_data_py-0.3.0\data\schedules\2010.csv'
adding 'nfl_data_py-0.3.0\data\schedules\2011.csv'
adding 'nfl_data_py-0.3.0\data\schedules\2012.csv'
adding 'nfl_data_py-0.3.0\data\schedules\2013.csv'
adding 'nfl_data_py-0.3.0\data\schedules\2014.csv'
adding 'nfl_data_py-0.3.0\data\schedules\2015.csv'
adding 'nfl_data_py-0.3.0\data\schedules\2016.csv'
adding 'nfl_data_py-0.3.0\data\schedules\2017.csv'
adding 'nfl_data_py-0.3.0\data\schedules\2018.csv'
adding 'nfl_data_py-0.3.0\data\schedules\2019.csv'
adding 'nfl_data_py-0.3.0\data\schedules\2020.csv'
adding 'nfl_data_py-0.3.0\data\schedules\2021.csv'
adding 'nfl_data_py-0.3.0\nfl_data_py\tests'
adding 'nfl_data_py-0.3.0\nfl_data_py\__init__.py'
adding 'nfl_data_py-0.3.0\nfl_data_py\tests\__pycache__'
adding 'nfl_data_py-0.3.0\nfl_data_py\tests\nfl_test.py'
adding 'nfl_data_py-0.3.0\nfl_data_py\tests\__pycache__\nfl_test.cpython-35-pytest-6.1.2.pyc'
adding 'nfl_data_py-0.3.0\nfl_data_py\tests\__pycache__\nfl_test.cpython-37-pytest-6.2.4.pyc'
adding 'nfl_data_py-0.3.0\nfl_data_py\tests\__pycache__\nfl_test.cpython-37-pytest-7.1.0.pyc'
adding 'nfl_data_py-0.3.0\nfl_data_py\tests\__pycache__\nfl_test.cpython-37-pytest-7.1.2.pyc'
adding 'nfl_data_py-0.3.0\nfl_data_py\tests\__pycache__\nfl_test.cpython-39-pytest-6.2.4.pyc'
adding 'nfl_data_py-0.3.0\nfl_data_py\tests\__pycache__\nfl_test.cpython-39-pytest-6.2.5.pyc'
adding 'nfl_data_py-0.3.0\nfl_data_py\tests\__pycache__\nfl_test.cpython-39-pytest-7.1.2.pyc'
adding 'nfl_data_py-0.3.0\nfl_data_py.egg-info\dependency_links.txt'
adding 'nfl_data_py-0.3.0\nfl_data_py.egg-info\PKG-INFO'
adding 'nfl_data_py-0.3.0\nfl_data_py.egg-info\requires.txt'
adding 'nfl_data_py-0.3.0\nfl_data_py.egg-info\SOURCES.txt'
adding 'nfl_data_py-0.3.0\nfl_data_py.egg-info\top_level.txt'
removing 'nfl_data_py-0.3.0' (and everything under it)
